<?xml version="1.0" encoding="UTF-8"?>
<robot generator="Robot 4.0.3 (Python 3.9.5 on win32)" generated="20210811 08:20:29.209" rpa="false" schemaversion="2">
<suite id="s1" name="Testperpus" source="D:\eva\test\selenium\1\testProjectndot\testperpus.robot">
<test id="s1-t1" name="Start Automation">
<kw name="Launch Browser">
<kw name="Open Browser" library="Selenium2Library">
<arg>${URL}</arg>
<arg>${Browser}</arg>
<doc>Opens a new browser instance to the optional ``url``.</doc>
<msg timestamp="20210811 08:20:29.592" level="INFO">Opening browser 'Chrome' to base url 'https://staging.perpusgkpigsm.com/'.</msg>
<status status="PASS" starttime="20210811 08:20:29.591" endtime="20210811 08:20:45.437"/>
</kw>
<kw name="Maximize Browser Window" library="Selenium2Library">
<doc>Maximizes current browser window.</doc>
<status status="PASS" starttime="20210811 08:20:45.437" endtime="20210811 08:20:45.583"/>
</kw>
<kw name="Click Element" library="Selenium2Library">
<arg>${menu_login}</arg>
<doc>Click the element identified by ``locator``.</doc>
<msg timestamp="20210811 08:20:45.585" level="INFO">Clicking element '//*[@id="navbar-toggle-collapse"]/ul[2]/li/a'.</msg>
<status status="PASS" starttime="20210811 08:20:45.584" endtime="20210811 08:20:45.851"/>
</kw>
<kw name="Sleep" library="BuiltIn">
<arg>3</arg>
<doc>Pauses the test executed for the given time.</doc>
<msg timestamp="20210811 08:20:48.868" level="INFO">Slept 3 seconds</msg>
<status status="PASS" starttime="20210811 08:20:45.852" endtime="20210811 08:20:48.868"/>
</kw>
<kw name="Click Element" library="Selenium2Library">
<arg>${popup}</arg>
<doc>Click the element identified by ``locator``.</doc>
<msg timestamp="20210811 08:20:48.870" level="INFO">Clicking element '//*[@id="bv-modal-example"]/div'.</msg>
<status status="PASS" starttime="20210811 08:20:48.868" endtime="20210811 08:20:48.951"/>
</kw>
<kw name="Input Text" library="Selenium2Library">
<arg>${user_name}</arg>
<arg>vava@gmail.com</arg>
<doc>Types the given ``text`` into the text field identified by ``locator``.</doc>
<msg timestamp="20210811 08:20:48.952" level="INFO">Typing text 'vava@gmail.com' into text field 'email'.</msg>
<status status="PASS" starttime="20210811 08:20:48.951" endtime="20210811 08:20:49.106"/>
</kw>
<kw name="Input Text" library="Selenium2Library">
<arg>${password}</arg>
<arg>12345678</arg>
<doc>Types the given ``text`` into the text field identified by ``locator``.</doc>
<msg timestamp="20210811 08:20:49.107" level="INFO">Typing text '12345678' into text field 'password'.</msg>
<status status="PASS" starttime="20210811 08:20:49.106" endtime="20210811 08:20:49.254"/>
</kw>
<kw name="Click Element" library="Selenium2Library">
<arg>${cb_remember}</arg>
<doc>Click the element identified by ``locator``.</doc>
<msg timestamp="20210811 08:20:49.255" level="INFO">Clicking element '//*[@id="bv-modal-example___BV_modal_body_"]/div[2]/form/div[3]/div/label'.</msg>
<status status="PASS" starttime="20210811 08:20:49.254" endtime="20210811 08:20:49.326"/>
</kw>
<kw name="Sleep" library="BuiltIn">
<arg>3</arg>
<doc>Pauses the test executed for the given time.</doc>
<msg timestamp="20210811 08:20:52.341" level="INFO">Slept 3 seconds</msg>
<status status="PASS" starttime="20210811 08:20:49.326" endtime="20210811 08:20:52.341"/>
</kw>
<status status="PASS" starttime="20210811 08:20:29.591" endtime="20210811 08:20:52.341"/>
</kw>
<kw name="Close Browser" library="Selenium2Library">
<doc>Closes the current browser.</doc>
<status status="PASS" starttime="20210811 08:20:52.342" endtime="20210811 08:20:54.606"/>
</kw>
<status status="PASS" starttime="20210811 08:20:29.590" endtime="20210811 08:20:54.608"/>
</test>
<status status="PASS" starttime="20210811 08:20:29.212" endtime="20210811 08:20:54.613"/>
</suite>
<statistics>
<total>
<stat pass="1" fail="0" skip="0">All Tests</stat>
</total>
<tag>
</tag>
<suite>
<stat pass="1" fail="0" skip="0" id="s1" name="Testperpus">Testperpus</stat>
</suite>
</statistics>
<errors>
</errors>
</robot>
