<?xml version="1.0" encoding="UTF-8"?>
<robot generator="Robot 4.0.3 (Python 3.9.5 on win32)" generated="20210817 21:29:07.277" rpa="false" schemaversion="2">
<suite id="s1" name="Testperpus Home" source="D:\eva\test\selenium\github\selenium_robot-perpus\selenium_robot_perpus\testcase\testperpus_home.robot">
<test id="s1-t1" name="Star Automation">
<kw name="Login">
<kw name="Set Screenshot Directory" library="Selenium2Library">
<arg>../screenshoot/</arg>
<doc>Sets the directory for captured screenshots.</doc>
<status status="PASS" starttime="20210817 21:29:07.989" endtime="20210817 21:29:07.989"/>
</kw>
<kw name="StartLogin" library="testperpus_login">
<arg>${URL}</arg>
<arg>${Browser}</arg>
<kw name="LaunchBrowser" library="resources">
<arg>${appUrl}</arg>
<arg>${appBrowser}</arg>
<kw name="Open Browser" library="Selenium2Library">
<arg>${appUrl}</arg>
<arg>${appBrowser}</arg>
<doc>Opens a new browser instance to the optional ``url``.</doc>
<msg timestamp="20210817 21:29:08.000" level="INFO">Opening browser 'Chrome' to base url 'https://staging.perpusgkpigsm.com/'.</msg>
<status status="PASS" starttime="20210817 21:29:07.989" endtime="20210817 21:30:18.781"/>
</kw>
<kw name="Maximize Browser Window" library="Selenium2Library">
<doc>Maximizes current browser window.</doc>
<status status="PASS" starttime="20210817 21:30:18.781" endtime="20210817 21:30:18.938"/>
</kw>
<kw name="Set Selenium Implicit Wait" library="Selenium2Library">
<arg>2</arg>
<doc>Sets the implicit wait value used by Selenium.</doc>
<status status="PASS" starttime="20210817 21:30:18.940" endtime="20210817 21:30:18.940"/>
</kw>
<status status="PASS" starttime="20210817 21:29:07.989" endtime="20210817 21:30:18.940"/>
</kw>
<kw name="Click Element" library="Selenium2Library">
<arg>${menu_login}</arg>
<doc>Click the element identified by ``locator``.</doc>
<msg timestamp="20210817 21:30:18.945" level="INFO">Clicking element '//*[@id="navbar-toggle-collapse"]/ul[2]/li/a'.</msg>
<status status="PASS" starttime="20210817 21:30:18.940" endtime="20210817 21:30:19.130"/>
</kw>
<kw name="Sleep" library="BuiltIn">
<arg>3</arg>
<doc>Pauses the test executed for the given time.</doc>
<msg timestamp="20210817 21:30:22.142" level="INFO">Slept 3 seconds</msg>
<status status="PASS" starttime="20210817 21:30:19.135" endtime="20210817 21:30:22.142"/>
</kw>
<kw name="Click Element" library="Selenium2Library">
<arg>${popup}</arg>
<doc>Click the element identified by ``locator``.</doc>
<msg timestamp="20210817 21:30:22.142" level="INFO">Clicking element '//*[@id="bv-modal-example"]/div'.</msg>
<status status="PASS" starttime="20210817 21:30:22.142" endtime="20210817 21:30:22.220"/>
</kw>
<kw name="Input Text" library="Selenium2Library">
<arg>${user_name}</arg>
<arg>Dikasan123</arg>
<doc>Types the given ``text`` into the text field identified by ``locator``.</doc>
<msg timestamp="20210817 21:30:22.220" level="INFO">Typing text 'Dikasan123' into text field 'email'.</msg>
<status status="PASS" starttime="20210817 21:30:22.220" endtime="20210817 21:30:22.360"/>
</kw>
<kw name="Input Text" library="Selenium2Library">
<arg>${password}</arg>
<arg>Dika123</arg>
<doc>Types the given ``text`` into the text field identified by ``locator``.</doc>
<msg timestamp="20210817 21:30:22.370" level="INFO">Typing text 'Dika123' into text field 'password'.</msg>
<status status="PASS" starttime="20210817 21:30:22.360" endtime="20210817 21:30:22.540"/>
</kw>
<kw name="Click Element" library="Selenium2Library">
<arg>${cb_remember}</arg>
<doc>Click the element identified by ``locator``.</doc>
<msg timestamp="20210817 21:30:22.540" level="INFO">Clicking element '//*[@id="bv-modal-example___BV_modal_body_"]/div[2]/form/div[3]/div/label'.</msg>
<status status="PASS" starttime="20210817 21:30:22.540" endtime="20210817 21:30:22.642"/>
</kw>
<kw name="Click Element" library="Selenium2Library">
<arg>${btn_login}</arg>
<doc>Click the element identified by ``locator``.</doc>
<msg timestamp="20210817 21:30:22.642" level="INFO">Clicking element '//*[@id="bv-modal-example___BV_modal_body_"]/div[2]/form/div[3]/button/span'.</msg>
<status status="PASS" starttime="20210817 21:30:22.642" endtime="20210817 21:30:22.770"/>
</kw>
<kw name="Sleep" library="BuiltIn">
<arg>3</arg>
<doc>Pauses the test executed for the given time.</doc>
<msg timestamp="20210817 21:30:25.776" level="INFO">Slept 3 seconds</msg>
<status status="PASS" starttime="20210817 21:30:22.770" endtime="20210817 21:30:25.776"/>
</kw>
<status status="PASS" starttime="20210817 21:29:07.989" endtime="20210817 21:30:25.776"/>
</kw>
<status status="PASS" starttime="20210817 21:29:07.989" endtime="20210817 21:30:25.776"/>
</kw>
<kw name="Home">
<kw name="Click Element" library="Selenium2Library">
<arg>${media_list}</arg>
<doc>Click the element identified by ``locator``.</doc>
<msg timestamp="20210817 21:30:25.776" level="INFO">Clicking element '//*[@id="__BVID__11__BV_toggle_"]'.</msg>
<status status="PASS" starttime="20210817 21:30:25.776" endtime="20210817 21:30:25.880"/>
</kw>
<kw name="Click Element" library="Selenium2Library">
<arg>${media_doc}</arg>
<doc>Click the element identified by ``locator``.</doc>
<msg timestamp="20210817 21:30:25.880" level="INFO">Clicking element '//*[@id="__BVID__11"]/ul/li[1]'.</msg>
<status status="PASS" starttime="20210817 21:30:25.880" endtime="20210817 21:30:26.102"/>
</kw>
<kw name="Sleep" library="BuiltIn">
<arg>1</arg>
<doc>Pauses the test executed for the given time.</doc>
<msg timestamp="20210817 21:30:27.110" level="INFO">Slept 1 second</msg>
<status status="PASS" starttime="20210817 21:30:26.102" endtime="20210817 21:30:27.110"/>
</kw>
<kw name="Click Element" library="Selenium2Library">
<arg>${forum}</arg>
<doc>Click the element identified by ``locator``.</doc>
<msg timestamp="20210817 21:30:27.110" level="INFO">Clicking element '//*[@id="navbar-toggle-collapse"]/ul[1]/a[2]'.</msg>
<status status="PASS" starttime="20210817 21:30:27.110" endtime="20210817 21:30:27.250"/>
</kw>
<kw name="Sleep" library="BuiltIn">
<arg>1</arg>
<doc>Pauses the test executed for the given time.</doc>
<msg timestamp="20210817 21:30:28.250" level="INFO">Slept 1 second</msg>
<status status="PASS" starttime="20210817 21:30:27.250" endtime="20210817 21:30:28.250"/>
</kw>
<kw name="Click Element" library="Selenium2Library">
<arg>${profile_list}</arg>
<doc>Click the element identified by ``locator``.</doc>
<msg timestamp="20210817 21:30:28.250" level="INFO">Clicking element '//*[@id="__BVID__28__BV_toggle_"]'.</msg>
<status status="PASS" starttime="20210817 21:30:28.250" endtime="20210817 21:30:28.370"/>
</kw>
<kw name="Click Element" library="Selenium2Library">
<arg>${profile-item}</arg>
<doc>Click the element identified by ``locator``.</doc>
<msg timestamp="20210817 21:30:28.370" level="INFO">Clicking element '//*[@id="__BVID__28"]/ul/li/a/a'.</msg>
<status status="PASS" starttime="20210817 21:30:28.370" endtime="20210817 21:30:28.510"/>
</kw>
<kw name="Sleep" library="BuiltIn">
<arg>2</arg>
<doc>Pauses the test executed for the given time.</doc>
<msg timestamp="20210817 21:30:30.529" level="INFO">Slept 2 seconds</msg>
<status status="PASS" starttime="20210817 21:30:28.519" endtime="20210817 21:30:30.530"/>
</kw>
<status status="PASS" starttime="20210817 21:30:25.776" endtime="20210817 21:30:30.530"/>
</kw>
<kw name="ExitAllBrowsers" library="resources">
<kw name="Sleep" library="BuiltIn">
<arg>3</arg>
<doc>Pauses the test executed for the given time.</doc>
<msg timestamp="20210817 21:30:33.536" level="INFO">Slept 3 seconds</msg>
<status status="PASS" starttime="20210817 21:30:30.530" endtime="20210817 21:30:33.536"/>
</kw>
<kw name="Close All Browsers" library="Selenium2Library">
<doc>Closes all open browsers and resets the browser cache.</doc>
<status status="PASS" starttime="20210817 21:30:33.536" endtime="20210817 21:30:36.027"/>
</kw>
<status status="PASS" starttime="20210817 21:30:30.530" endtime="20210817 21:30:36.027"/>
</kw>
<status status="PASS" starttime="20210817 21:29:07.980" endtime="20210817 21:30:36.027"/>
</test>
<status status="PASS" starttime="20210817 21:29:07.280" endtime="20210817 21:30:36.027"/>
</suite>
<statistics>
<total>
<stat pass="1" fail="0" skip="0">All Tests</stat>
</total>
<tag>
</tag>
<suite>
<stat pass="1" fail="0" skip="0" id="s1" name="Testperpus Home">Testperpus Home</stat>
</suite>
</statistics>
<errors>
</errors>
</robot>
